Arguments: 
  /usr/local/Cellar/node/16.10.0/bin/node /usr/local/Cellar/yarn/1.22.11/libexec/bin/yarn.js add @notionhq/clint

PATH: 
  /Users/ianhansborough/.local/share/solona/install/releases/1.10.8/solona-release/bin:/Users/ianhansborough/Library/Python/3.7/bin:/Users/ianhansborough/.local/share/solana/install/active_release/bin:/usr/local/bin:/usr/local/sbin:/usr/bin:/bin:/usr/sbin:/sbin:/Library/Apple/usr/bin:/Users/ianhansborough/.cargo/bin

Yarn version: 
  1.22.11

Node version: 
  16.10.0

Platform: 
  darwin x64

Trace: 
  Error: https://registry.yarnpkg.com/@notionhq%2fclint: Not found
      at Request.params.callback [as _callback] (/usr/local/Cellar/yarn/1.22.11/libexec/lib/cli.js:66992:18)
      at Request.self.callback (/usr/local/Cellar/yarn/1.22.11/libexec/lib/cli.js:140763:22)
      at Request.emit (node:events:390:28)
      at Request.<anonymous> (/usr/local/Cellar/yarn/1.22.11/libexec/lib/cli.js:141735:10)
      at Request.emit (node:events:390:28)
      at IncomingMessage.<anonymous> (/usr/local/Cellar/yarn/1.22.11/libexec/lib/cli.js:141657:12)
      at Object.onceWrapper (node:events:509:28)
      at IncomingMessage.emit (node:events:402:35)
      at endReadableNT (node:internal/streams/readable:1343:12)
      at processTicksAndRejections (node:internal/process/task_queues:83:21)

npm manifest: 
  {
    "name": "place-tags",
    "version": "1.0.0",
    "main": "index.js",
    "author": "Ian Hansborough",
    "license": "MIT"
  }

yarn manifest: 
  No manifest

Lockfile: 
  No lockfile
